2026-02-22 04:45:23,078 [ERROR] LogOutputStream:75 - [STDERR_REDIRECT] 
2026-02-22 07:47:35,899 [INFO] Activator:176 - 


2026-02-22 07:47:35,903 [INFO] Activator:177 - !SESSION log4j initialized
2026-02-22 07:47:49,445 [INFO] LogOutputStream:77 - [STDOUT_REDIRECT] 
2026-02-22 07:48:04,787 [INFO] ApplicationProperties:184 - Using Application install path: C:\ST\STM32CubeIDE_1.15.1\STM32CubeIDE\plugins\com.st.stm32cube.common.mx_6.11.1.202404110753
2026-02-22 07:48:04,830 [INFO] DbMcusXml:78 - Set database path to: C:\ST\STM32CubeIDE_1.15.1\STM32CubeIDE\plugins\com.st.stm32cube.common.mx_6.11.1.202404110753\\db\/mcu/
2026-02-22 07:48:04,831 [INFO] ApiDb:274 - Set plugin database path to: C:\ST\STM32CubeIDE_1.15.1\STM32CubeIDE\plugins\com.st.stm32cube.common.mx_6.11.1.202404110753\\db\/plugins/boardmanager/
2026-02-22 07:48:04,832 [WARN] ApiDb:259 - Overriding images path with different value:  => C:\ST\STM32CubeIDE_1.15.1\STM32CubeIDE\plugins\com.st.stm32cube.common.mx_6.11.1.202404110753\\db\/plugins/mcufinder/images/
2026-02-22 07:48:04,849 [INFO] ApiDb:250 - Set database path to: C:\Users\sanch\.stmcufinder\plugins\mcufinder//mcu/
2026-02-22 07:48:04,851 [INFO] DbMcusAds:125 - Set database path to: C:\Users\sanch\.stmcufinder\plugins\mcufinder//mcu/
2026-02-22 07:48:04,954 [INFO] CrossReferenceDbSqlite:203 - Set database path to: C:\Users\sanch\.stmcufinder\plugins\mcufinder//mcu/cs/
2026-02-22 07:48:05,216 [INFO] RulesReader:64 - Compatibility file has been processed (297 Rules)
2026-02-22 07:48:05,383 [INFO] DbMcusXml:78 - Set database path to: C:\ST\STM32CubeIDE_1.15.1\STM32CubeIDE\plugins\com.st.stm32cube.common.mx_6.11.1.202404110753\\db\/mcu/
2026-02-22 07:48:05,383 [INFO] ApiDb:274 - Set plugin database path to: C:\ST\STM32CubeIDE_1.15.1\STM32CubeIDE\plugins\com.st.stm32cube.common.mx_6.11.1.202404110753\\db\/plugins/boardmanager/
2026-02-22 07:48:05,384 [INFO] ApiDb:261 - Set plugin images path to: C:\ST\STM32CubeIDE_1.15.1\STM32CubeIDE\plugins\com.st.stm32cube.common.mx_6.11.1.202404110753\\db\/plugins/mcufinder/images/
2026-02-22 07:48:05,384 [WARN] DbFile:41 - Overriding database path with different value: C:\Users\sanch\.stmcufinder\plugins\mcufinder/ => C:\Users\sanch\.stmcufinder\plugins\mcufinder
2026-02-22 07:48:05,384 [INFO] ApiDb:250 - Set database path to: C:\Users\sanch\.stmcufinder\plugins\mcufinder//mcu/
2026-02-22 07:48:05,384 [WARN] DbFile:41 - Overriding database path with different value: C:\Users\sanch\.stmcufinder\plugins\mcufinder/ => C:\Users\sanch\.stmcufinder\plugins\mcufinder
2026-02-22 07:48:05,384 [INFO] DbMcusAds:125 - Set database path to: C:\Users\sanch\.stmcufinder\plugins\mcufinder//mcu/
2026-02-22 07:48:05,384 [WARN] DbFile:41 - Overriding database path with different value: C:\Users\sanch\.stmcufinder\plugins\mcufinder/ => C:\Users\sanch\.stmcufinder\plugins\mcufinder
2026-02-22 07:48:05,385 [WARN] DbFile:41 - Overriding database path with different value: C:\Users\sanch\.stmcufinder\plugins\mcufinder/ => C:\Users\sanch\.stmcufinder\plugins\mcufinder
2026-02-22 07:48:05,385 [INFO] CrossReferenceDbSqlite:203 - Set database path to: C:\Users\sanch\.stmcufinder\plugins\mcufinder//mcu/cs/
2026-02-22 07:48:05,535 [INFO] MainPanel:264 - HeapMemory: 268435456
2026-02-22 07:48:05,683 [INFO] DbMcusXml:78 - Set database path to: C:\ST\STM32CubeIDE_1.15.1\STM32CubeIDE\plugins\com.st.stm32cube.common.mx_6.11.1.202404110753\\db\/mcu/
2026-02-22 07:48:05,683 [INFO] ApiDb:274 - Set plugin database path to: C:\ST\STM32CubeIDE_1.15.1\STM32CubeIDE\plugins\com.st.stm32cube.common.mx_6.11.1.202404110753\\db\/plugins/boardmanager/
2026-02-22 07:48:05,684 [INFO] ApiDb:261 - Set plugin images path to: C:\ST\STM32CubeIDE_1.15.1\STM32CubeIDE\plugins\com.st.stm32cube.common.mx_6.11.1.202404110753\\db\/plugins/mcufinder/images/
2026-02-22 07:48:05,684 [WARN] DbFile:41 - Overriding database path with different value: C:\Users\sanch\.stmcufinder\plugins\mcufinder/ => C:\Users\sanch\.stmcufinder\plugins\mcufinder
2026-02-22 07:48:05,684 [INFO] ApiDb:250 - Set database path to: C:\Users\sanch\.stmcufinder\plugins\mcufinder//mcu/
2026-02-22 07:48:05,684 [WARN] DbFile:41 - Overriding database path with different value: C:\Users\sanch\.stmcufinder\plugins\mcufinder/ => C:\Users\sanch\.stmcufinder\plugins\mcufinder
2026-02-22 07:48:05,684 [INFO] DbMcusAds:125 - Set database path to: C:\Users\sanch\.stmcufinder\plugins\mcufinder//mcu/
2026-02-22 07:48:05,684 [WARN] DbFile:41 - Overriding database path with different value: C:\Users\sanch\.stmcufinder\plugins\mcufinder/ => C:\Users\sanch\.stmcufinder\plugins\mcufinder
2026-02-22 07:48:05,684 [WARN] DbFile:41 - Overriding database path with different value: C:\Users\sanch\.stmcufinder\plugins\mcufinder/ => C:\Users\sanch\.stmcufinder\plugins\mcufinder
2026-02-22 07:48:05,684 [INFO] CrossReferenceDbSqlite:203 - Set database path to: C:\Users\sanch\.stmcufinder\plugins\mcufinder//mcu/cs/
2026-02-22 07:48:05,709 [INFO] ApplicationProperties:184 - Using Application install path: C:\ST\STM32CubeIDE_1.15.1\STM32CubeIDE\plugins\com.st.stm32cube.common.mx_6.11.1.202404110753
2026-02-22 07:48:05,711 [INFO] PluginManage:196 - Search for loadable plugins [exclusion list=, ]
2026-02-22 07:48:05,713 [INFO] PluginManage:310 - Check plugin analytics
2026-02-22 07:48:11,045 [INFO] AnalyticsPlugin:253 - Accepted Software Licenses: 
2026-02-22 07:48:11,047 [INFO] AnalyticsPlugin:255 - Accepted CMSIS Pack Licenses: 
2026-02-22 07:48:11,047 [INFO] AnalyticsPlugin:257 - Accepted Firmware Licenses: FW.F4.1.27.0,FW.F4.1.28.0,FW.G4.1.5.0,FW.H5.1.2.0
2026-02-22 07:48:11,051 [INFO] PluginManage:359 - Loaded plugin analytics (category:tool,tabindex:-1)
2026-02-22 07:48:11,052 [INFO] PluginManage:310 - Check plugin cadmodel
2026-02-22 07:48:11,084 [INFO] CADModel:105 - Init CAD model plugin
2026-02-22 07:48:11,084 [INFO] PluginManage:359 - Loaded plugin cadmodel (category:power,tabindex:5)
2026-02-22 07:48:11,084 [INFO] PluginManage:310 - Check plugin clock
2026-02-22 07:48:11,116 [INFO] PluginManage:359 - Loaded plugin clock (category:base,tabindex:2)
2026-02-22 07:48:11,117 [INFO] PluginManage:310 - Check plugin ddr
2026-02-22 07:48:11,119 [INFO] PluginManage:359 - Loaded plugin ddr (category:tool,tabindex:6)
2026-02-22 07:48:11,119 [INFO] PluginManage:310 - Check plugin filemanager
2026-02-22 07:48:11,309 [INFO] PluginManage:359 - Loaded plugin filemanager (category:base,tabindex:10)
2026-02-22 07:48:11,309 [INFO] PluginManage:310 - Check plugin ipmanager
2026-02-22 07:48:11,316 [INFO] PluginManage:359 - Loaded plugin ipmanager (category:base,tabindex:5)
2026-02-22 07:48:11,317 [INFO] PluginManage:310 - Check plugin lpbam
2026-02-22 07:48:11,345 [INFO] PluginManage:359 - Loaded plugin lpbam (category:base,tabindex:0)
2026-02-22 07:48:11,346 [INFO] PluginManage:310 - Check plugin memorymap
2026-02-22 07:48:11,383 [INFO] PluginManage:359 - Loaded plugin memorymap (category:base,tabindex:4)
2026-02-22 07:48:11,383 [INFO] PluginManage:310 - Check plugin pinoutandconfiguration
2026-02-22 07:48:11,424 [INFO] PluginManage:359 - Loaded plugin pinoutandconfiguration (category:base,tabindex:1)
2026-02-22 07:48:11,424 [INFO] PluginManage:310 - Check plugin pinoutconfig
2026-02-22 07:48:11,589 [WARN] SupportedApi:132 - Cannot load RTOS API schema: s4s-elt-must-match.1: The content of 'definitions' must match (annotation?, (simpleType | complexType)?, (unique | key | keyref)*)). A problem was found starting at: attribute.
2026-02-22 07:48:11,777 [INFO] PluginManage:359 - Loaded plugin pinoutconfig (category:base,tabindex:0)
2026-02-22 07:48:11,777 [INFO] PluginManage:310 - Check plugin power
2026-02-22 07:48:11,818 [INFO] PluginManage:359 - Loaded plugin power (category:power,tabindex:4)
2026-02-22 07:48:11,818 [INFO] PluginManage:310 - Check plugin projectmanager
2026-02-22 07:48:11,845 [INFO] PluginManage:359 - Loaded plugin projectmanager (category:projectmanager,tabindex:3)
2026-02-22 07:48:11,845 [INFO] PluginManage:310 - Check plugin thirdparty
2026-02-22 07:48:12,443 [INFO] PluginManage:359 - Loaded plugin thirdparty (category:base,tabindex:-1)
2026-02-22 07:48:12,443 [INFO] PluginManage:310 - Check plugin tools
2026-02-22 07:48:12,443 [WARN] IntegrityCheckThread:84 - waiting for thirdparty lock release [integrity check]
2026-02-22 07:48:12,444 [INFO] IntegrityCheckThread:86 - entering critical section [integrity check]
2026-02-22 07:48:12,445 [INFO] ThirdPartyUpdaterWithRetryManager:70 - Updater plugin not ready yet. [1/15]
2026-02-22 07:48:12,521 [INFO] PluginManage:359 - Loaded plugin tools (category:base,tabindex:7)
2026-02-22 07:48:12,521 [INFO] PluginManage:310 - Check plugin tutovideos
2026-02-22 07:48:12,814 [INFO] PluginManage:359 - Loaded plugin tutovideos (category:base,tabindex:-1)
2026-02-22 07:48:12,814 [INFO] PluginManage:310 - Check plugin updater
2026-02-22 07:48:12,829 [INFO] PluginManage:359 - Loaded plugin updater (category:base,tabindex:12)
2026-02-22 07:48:12,829 [INFO] PluginManage:310 - Check plugin userauth
2026-02-22 07:48:12,843 [INFO] UserAuth:114 - Init User Auth plugin
2026-02-22 07:48:12,843 [INFO] PluginManage:359 - Loaded plugin userauth (category:base,tabindex:14)
2026-02-22 07:48:12,843 [INFO] PluginManage:283 - PluginManage : Loaded plugins [17]
2026-02-22 07:48:13,219 [INFO] PinOutPanel:1561 - setPackage(No Configuration,No Configuration)
2026-02-22 07:48:13,406 [INFO] CADModel:165 - CPN selected for project level
2026-02-22 07:48:13,407 [INFO] CADModel:114 - Register for checkConnection events
2026-02-22 07:48:13,476 [INFO] IPUIPlugin:80 - create IPUIPlugin
2026-02-22 07:48:13,477 [INFO] PluginManager:220 - loadIPPluginJar : add adc
2026-02-22 07:48:13,545 [INFO] IPUIPlugin:80 - create IPUIPlugin
2026-02-22 07:48:13,545 [INFO] PluginManager:220 - loadIPPluginJar : add aes
2026-02-22 07:48:13,620 [INFO] IPUIPlugin:80 - create IPUIPlugin
2026-02-22 07:48:13,621 [INFO] PluginManager:220 - loadIPPluginJar : add can
2026-02-22 07:48:13,672 [INFO] IPUIPlugin:80 - create IPUIPlugin
2026-02-22 07:48:13,672 [INFO] PluginManager:220 - loadIPPluginJar : add comp
2026-02-22 07:48:13,734 [INFO] IPUIPlugin:80 - create IPUIPlugin
2026-02-22 07:48:13,734 [INFO] PluginManager:220 - loadIPPluginJar : add cryp
2026-02-22 07:48:13,789 [INFO] IPUIPlugin:80 - create IPUIPlugin
2026-02-22 07:48:13,789 [INFO] PluginManager:220 - loadIPPluginJar : add dfsdm
2026-02-22 07:48:13,813 [INFO] IPUIPlugin:80 - create IPUIPlugin
2026-02-22 07:48:13,814 [INFO] PluginManager:220 - loadIPPluginJar : add dma
2026-02-22 07:48:13,893 [INFO] IPUIPlugin:80 - create IPUIPlugin
2026-02-22 07:48:13,893 [INFO] PluginManager:220 - loadIPPluginJar : add dma3
2026-02-22 07:48:13,973 [INFO] IPUIPlugin:80 - create IPUIPlugin
2026-02-22 07:48:13,973 [INFO] PluginManager:220 - loadIPPluginJar : add extmemmanager
2026-02-22 07:48:14,011 [INFO] IPUIPlugin:80 - create IPUIPlugin
2026-02-22 07:48:14,011 [INFO] PluginManager:220 - loadIPPluginJar : add fatfs
2026-02-22 07:48:14,090 [INFO] IPUIPlugin:80 - create IPUIPlugin
2026-02-22 07:48:14,090 [INFO] PluginManager:220 - loadIPPluginJar : add fmc
2026-02-22 07:48:14,118 [INFO] IPUIPlugin:80 - create IPUIPlugin
2026-02-22 07:48:14,119 [INFO] PluginManager:220 - loadIPPluginJar : add freertos
2026-02-22 07:48:14,156 [INFO] IPUIPlugin:80 - create IPUIPlugin
2026-02-22 07:48:14,156 [INFO] PluginManager:220 - loadIPPluginJar : add genericplugin
2026-02-22 07:48:14,333 [INFO] IPUIPlugin:80 - create IPUIPlugin
2026-02-22 07:48:14,334 [INFO] PluginManager:220 - loadIPPluginJar : add gfxmmu
2026-02-22 07:48:14,577 [INFO] IPUIPlugin:80 - create IPUIPlugin
2026-02-22 07:48:14,577 [INFO] PluginManager:220 - loadIPPluginJar : add gic
2026-02-22 07:48:14,594 [INFO] IPUIPlugin:80 - create IPUIPlugin
2026-02-22 07:48:14,594 [INFO] PluginManager:220 - loadIPPluginJar : add gpio
2026-02-22 07:48:14,755 [INFO] IPUIPlugin:80 - create IPUIPlugin
2026-02-22 07:48:14,755 [INFO] PluginManager:220 - loadIPPluginJar : add gtzc
2026-02-22 07:48:14,817 [INFO] IPUIPlugin:80 - create IPUIPlugin
2026-02-22 07:48:14,817 [INFO] PluginManager:220 - loadIPPluginJar : add hash
2026-02-22 07:48:14,912 [INFO] IPUIPlugin:80 - create IPUIPlugin
2026-02-22 07:48:14,912 [INFO] PluginManager:220 - loadIPPluginJar : add i2c
2026-02-22 07:48:15,000 [INFO] IPUIPlugin:80 - create IPUIPlugin
2026-02-22 07:48:15,000 [INFO] PluginManager:220 - loadIPPluginJar : add i2s
2026-02-22 07:48:15,089 [INFO] IPUIPlugin:80 - create IPUIPlugin
2026-02-22 07:48:15,089 [INFO] PluginManager:220 - loadIPPluginJar : add i3c
2026-02-22 07:48:15,261 [INFO] IPUIPlugin:80 - create IPUIPlugin
2026-02-22 07:48:15,261 [INFO] PluginManager:220 - loadIPPluginJar : add ipddr
2026-02-22 07:48:15,429 [INFO] IPUIPlugin:80 - create IPUIPlugin
2026-02-22 07:48:15,430 [INFO] PluginManager:220 - loadIPPluginJar : add linkedlist
2026-02-22 07:48:15,446 [INFO] ThirdPartyUpdaterWithRetryManager:70 - Updater plugin not ready yet. [2/15]
2026-02-22 07:48:15,495 [INFO] IPUIPlugin:80 - create IPUIPlugin
2026-02-22 07:48:15,495 [INFO] PluginManager:220 - loadIPPluginJar : add lorawan
2026-02-22 07:48:15,562 [INFO] IPUIPlugin:80 - create IPUIPlugin
2026-02-22 07:48:15,562 [INFO] PluginManager:220 - loadIPPluginJar : add ltdc
2026-02-22 07:48:15,590 [INFO] IPUIPlugin:80 - create IPUIPlugin
2026-02-22 07:48:15,590 [INFO] PluginManager:220 - loadIPPluginJar : add mdma
2026-02-22 07:48:15,620 [INFO] IPUIPlugin:80 - create IPUIPlugin
2026-02-22 07:48:15,620 [INFO] PluginManager:220 - loadIPPluginJar : add nvic
2026-02-22 07:48:15,691 [INFO] IPUIPlugin:80 - create IPUIPlugin
2026-02-22 07:48:15,692 [INFO] PluginManager:220 - loadIPPluginJar : add opamp
2026-02-22 07:48:15,816 [INFO] IPUIPlugin:80 - create IPUIPlugin
2026-02-22 07:48:15,817 [INFO] PluginManager:220 - loadIPPluginJar : add openamp
2026-02-22 07:48:15,910 [INFO] IPUIPlugin:80 - create IPUIPlugin
2026-02-22 07:48:15,910 [INFO] PluginManager:220 - loadIPPluginJar : add pdm2pcm
2026-02-22 07:48:15,935 [INFO] IPUIPlugin:80 - create IPUIPlugin
2026-02-22 07:48:15,939 [INFO] PluginManager:220 - loadIPPluginJar : add plateformsettings
2026-02-22 07:48:15,981 [INFO] IPUIPlugin:80 - create IPUIPlugin
2026-02-22 07:48:15,981 [INFO] PluginManager:220 - loadIPPluginJar : add quadspi
2026-02-22 07:48:16,007 [INFO] IPUIPlugin:80 - create IPUIPlugin
2026-02-22 07:48:16,007 [INFO] PluginManager:220 - loadIPPluginJar : add resmgrutility
2026-02-22 07:48:16,087 [INFO] IPUIPlugin:80 - create IPUIPlugin
2026-02-22 07:48:16,087 [INFO] PluginManager:220 - loadIPPluginJar : add sai
2026-02-22 07:48:16,174 [INFO] IPUIPlugin:80 - create IPUIPlugin
2026-02-22 07:48:16,174 [INFO] PluginManager:220 - loadIPPluginJar : add spi
2026-02-22 07:48:16,282 [INFO] IPUIPlugin:80 - create IPUIPlugin
2026-02-22 07:48:16,282 [INFO] PluginManager:220 - loadIPPluginJar : add stm32_wpan
2026-02-22 07:48:16,323 [INFO] IPUIPlugin:80 - create IPUIPlugin
2026-02-22 07:48:16,323 [INFO] PluginManager:220 - loadIPPluginJar : add tim
2026-02-22 07:48:16,442 [INFO] IPUIPlugin:80 - create IPUIPlugin
2026-02-22 07:48:16,442 [INFO] PluginManager:220 - loadIPPluginJar : add touchsensing
2026-02-22 07:48:16,491 [INFO] IPUIPlugin:80 - create IPUIPlugin
2026-02-22 07:48:16,491 [INFO] PluginManager:220 - loadIPPluginJar : add tracer_emb
2026-02-22 07:48:16,546 [INFO] IPUIPlugin:80 - create IPUIPlugin
2026-02-22 07:48:16,546 [INFO] PluginManager:220 - loadIPPluginJar : add ts
2026-02-22 07:48:16,606 [INFO] IPUIPlugin:80 - create IPUIPlugin
2026-02-22 07:48:16,607 [INFO] PluginManager:220 - loadIPPluginJar : add tsc
2026-02-22 07:48:16,647 [INFO] IPUIPlugin:80 - create IPUIPlugin
2026-02-22 07:48:16,648 [INFO] PluginManager:220 - loadIPPluginJar : add ucpd
2026-02-22 07:48:16,724 [INFO] IPUIPlugin:80 - create IPUIPlugin
2026-02-22 07:48:16,724 [INFO] PluginManager:220 - loadIPPluginJar : add usart
2026-02-22 07:48:16,823 [INFO] IPUIPlugin:80 - create IPUIPlugin
2026-02-22 07:48:16,823 [INFO] PluginManager:220 - loadIPPluginJar : add usbx
2026-02-22 07:48:16,993 [INFO] CADModel:165 - CPN selected for project level
2026-02-22 07:48:16,993 [INFO] CADModel:114 - Register for checkConnection events
2026-02-22 07:48:16,993 [FATAL] Updater:308 - Updater called before beeing initialized
2026-02-22 07:48:17,029 [ERROR] CADModel:125 - Updater not yet initialized, retry later 
2026-02-22 07:48:17,242 [INFO] CADModel:165 - CPN selected for project level
2026-02-22 07:48:17,242 [INFO] CADModel:114 - Register for checkConnection events
2026-02-22 07:48:17,242 [FATAL] Updater:308 - Updater called before beeing initialized
2026-02-22 07:48:17,242 [ERROR] CADModel:125 - Updater not yet initialized, retry later 
2026-02-22 07:48:17,244 [FATAL] Updater:308 - Updater called before beeing initialized
2026-02-22 07:48:17,451 [FATAL] Updater:308 - Updater called before beeing initialized
2026-02-22 07:48:17,474 [INFO] DbMcusAds:53 - JSON generation date=Wed Feb 18 20:02:49 IST 2026 (1771425169665)
2026-02-22 07:48:17,474 [FATAL] Updater:308 - Updater called before beeing initialized
2026-02-22 07:48:17,589 [WARN] DetailPanel:346 - Failed to get advertising image, set to default
2026-02-22 07:48:17,703 [FATAL] Updater:308 - Updater called before beeing initialized
2026-02-22 07:48:17,706 [FATAL] Updater:308 - Updater called before beeing initialized
2026-02-22 07:48:17,706 [FATAL] Updater:308 - Updater called before beeing initialized
2026-02-22 07:48:17,706 [WARN] DetailPanel:346 - Failed to get advertising image, set to default
2026-02-22 07:48:17,706 [FATAL] Updater:308 - Updater called before beeing initialized
2026-02-22 07:48:17,843 [ERROR] Updater:1120 - MainUpdater not yet initialized. External WinMGr cannot be set.
2026-02-22 07:48:17,858 [INFO] Updater:1056 - Updater Version found : 6.11.1
2026-02-22 07:48:17,884 [INFO] ApplicationProperties:184 - Using Application install path: C:\ST\STM32CubeIDE_1.15.1\STM32CubeIDE\plugins\com.st.stm32cube.common.mx_6.11.1.202404110753
2026-02-22 07:48:18,447 [INFO] ThirdPartyUpdaterWithRetryManager:70 - Updater plugin not ready yet. [3/15]
2026-02-22 07:48:19,487 [ERROR] LogOutputStream:75 - [STDERR_REDIRECT] Feb 22, 2026 7:48:19 AM java.util.prefs.WindowsPreferences <init>
2026-02-22 07:48:19,488 [ERROR] LogOutputStream:75 - [STDERR_REDIRECT] WARNING: Could not open/create prefs root node Software\JavaSoft\Prefs at root 0xffffffff80000002. Windows RegCreateKeyEx(...) returned error code 5.
2026-02-22 07:48:19,489 [ERROR] LogOutputStream:75 - [STDERR_REDIRECT] 
2026-02-22 07:48:20,239 [INFO] MainUpdater:2873 - connection check result : 10
2026-02-22 07:48:20,239 [INFO] MainUpdater:290 - Updater Check For Update Now.
2026-02-22 07:48:20,240 [INFO] MicroXplorer:498 - Change Database Version : DB.6.0.111
2026-02-22 07:48:20,280 [INFO] McuFinderGlobals:63 - Set McuFinder mode to 2 (CubeIDE integrated)
2026-02-22 07:48:20,325 [INFO] UserAuth:415 - Internet connection configuration mode: 1
2026-02-22 07:48:20,418 [INFO] JxBrowserEngine:152 - Initiate JxBrowser Engine with user profile folder
2026-02-22 07:48:20,675 [INFO] CheckServerUpdateThread:120 - End of CheckServer Thread
2026-02-22 07:48:21,921 [WARN] PackLoader:240 - Cannot read IP mode file for STMicroelectronics.FP-SNS-MOTENVWB1.1.4.0
2026-02-22 07:48:21,949 [WARN] PackLoader:240 - Cannot read IP mode file for STMicroelectronics.FP-ATR-ASTRA1.2.0.2
2026-02-22 07:48:21,977 [WARN] PackLoader:240 - Cannot read IP mode file for STMicroelectronics.X-CUBE-SMBUS.2.1.0
2026-02-22 07:48:21,990 [ERROR] Engine:466 - C:\Users\sanch\.stm32cubemx\thirdparties\pdsc\STMicroelectronics.X-CUBE-ST60.1.0.0.pdsc: PDSC version is not supported
2026-02-22 07:48:22,021 [WARN] PackLoader:240 - Cannot read IP mode file for STMicroelectronics.X-CUBE-TOUCHGFX.4.23.0
2026-02-22 07:48:22,045 [WARN] PackLoader:240 - Cannot read IP mode file for STMicroelectronics.X-CUBE-TOUCHGFX.4.23.2
2026-02-22 07:48:22,121 [WARN] PackLoader:240 - Cannot read IP mode file for STMicroelectronics.X-CUBE-AZRTOS-F7.1.1.0
2026-02-22 07:48:22,177 [WARN] PackLoader:240 - Cannot read IP mode file for STMicroelectronics.FP-SNS-MOTENV1.4.3.2
2026-02-22 07:48:22,217 [ERROR] Engine:466 - C:\Users\sanch\.stm32cubemx\thirdparties\pdsc\STMicroelectronics.FP-SNS-MOTENV1.5.1.0.pdsc: PDSC version is not supported
2026-02-22 07:48:22,250 [WARN] PackLoader:240 - Cannot read IP mode file for STMicroelectronics.FP-SNS-FLIGHT1.5.0.2
2026-02-22 07:48:22,329 [WARN] PackLoader:240 - Cannot read IP mode file for STMicroelectronics.X-CUBE-AZRTOS-H7.3.4.0
2026-02-22 07:48:22,384 [WARN] PackLoader:240 - Cannot read IP mode file for STMicroelectronics.X-CUBE-DISPLAY.3.0.0
2026-02-22 07:48:22,421 [ERROR] Engine:466 - C:\Users\sanch\.stm32cubemx\thirdparties\pdsc\STMicroelectronics.FP-SNS-MOTENVWB1.1.5.0.pdsc: PDSC version is not supported
2026-02-22 07:48:22,457 [WARN] PackLoader:240 - Cannot read IP mode file for STMicroelectronics.X-CUBE-BLE1.7.0.0
2026-02-22 07:48:22,492 [WARN] PackLoader:240 - Cannot read IP mode file for STMicroelectronics.X-CUBE-NFC10.1.0.0
2026-02-22 07:48:22,554 [WARN] PackLoader:240 - Cannot read IP mode file for STMicroelectronics.X-CUBE-BLEMGR.4.0.0
2026-02-22 07:48:22,592 [ERROR] Engine:466 - C:\Users\sanch\.stm32cubemx\thirdparties\pdsc\STMicroelectronics.X-CUBE-ST60.1.1.0.pdsc: PDSC version is not supported
2026-02-22 07:48:22,622 [WARN] PackLoader:240 - Cannot read IP mode file for emotas.I-CUBE-CANOPEN.1.3.0
2026-02-22 07:48:22,649 [WARN] PackLoader:240 - Cannot read IP mode file for STMicroelectronics.X-CUBE-GNSS1.7.1.0
2026-02-22 07:48:22,677 [WARN] ConditionMgr:438 - getConditionDescription Invalid condition id : Cortex-A Device cause : null
2026-02-22 07:48:22,714 [WARN] ConditionMgr:1039 - genDependencies : Invalid condition id : Cortex-A Device cause : null
2026-02-22 07:48:22,714 [WARN] ConditionMgr:1039 - genDependencies : Invalid condition id : Cortex-A Device cause : null
2026-02-22 07:48:22,714 [WARN] ConditionMgr:1039 - genDependencies : Invalid condition id : Cortex-A Device cause : null
2026-02-22 07:48:22,742 [WARN] PackLoader:240 - Cannot read IP mode file for STMicroelectronics.X-CUBE-BLEMGR.3.1.0
2026-02-22 07:48:22,774 [ERROR] Engine:466 - C:\Users\sanch\.stm32cubemx\thirdparties\pdsc\STMicroelectronics.FP-SNS-STBOX1.2.1.0.pdsc: PDSC version is not supported
2026-02-22 07:48:22,798 [WARN] PackLoader:240 - Cannot read IP mode file for STMicroelectronics.FP-SNS-SMARTAG2.1.2.0
2026-02-22 07:48:22,828 [ERROR] Engine:466 - C:\Users\sanch\.stm32cubemx\thirdparties\pdsc\STMicroelectronics.FP-SNS-FLIGHT1.5.1.0.pdsc: PDSC version is not supported
2026-02-22 07:48:22,885 [INFO] LogOutputStream:77 - [STDOUT_REDIRECT] 1 : Invalid condition id : UX_CORESTACK_Condition cause : null
2026-02-22 07:48:22,887 [INFO] LogOutputStream:77 - [STDOUT_REDIRECT] 1 : Invalid condition id : UX_CORESTACK_Condition cause : null
2026-02-22 07:48:22,891 [INFO] LogOutputStream:77 - [STDOUT_REDIRECT] 1 : Invalid condition id : UX_CORESTACK_Condition cause : null
2026-02-22 07:48:22,893 [INFO] LogOutputStream:77 - [STDOUT_REDIRECT] 1 : Invalid condition id : UX_CORESTACK_Condition cause : null
2026-02-22 07:48:22,900 [INFO] LogOutputStream:77 - [STDOUT_REDIRECT] 1 : Invalid condition id : UX_CORESTACK_Condition cause : null
2026-02-22 07:48:22,908 [WARN] PackLoader:240 - Cannot read IP mode file for STMicroelectronics.X-CUBE-AZRTOS-WL.2.0.0
2026-02-22 07:48:22,973 [WARN] PackLoader:240 - Cannot read IP mode file for STMicroelectronics.FP-SNS-MOTENV1.5.0.0
2026-02-22 07:48:23,061 [WARN] PackLoader:240 - Cannot read IP mode file for STMicroelectronics.X-CUBE-AZRTOS-H7RS.1.2.0
2026-02-22 07:48:23,118 [WARN] PackLoader:240 - Cannot read IP mode file for wolfSSL.I-CUBE-wolfMQTT.1.19.0
2026-02-22 07:48:23,161 [WARN] PackLoader:240 - Cannot read IP mode file for WES.I-CUBE-Cesium.1.3.0
2026-02-22 07:48:23,202 [WARN] PackLoader:240 - Cannot read IP mode file for STMicroelectronics.X-CUBE-BLE2.3.3.0
2026-02-22 07:48:23,244 [ERROR] Engine:466 - C:\Users\sanch\.stm32cubemx\thirdparties\pdsc\Avnet-IOTCONNECT.X-CUBE-iotc-st67-sdk.1.0.0.pdsc: PDSC version is not supported
2026-02-22 07:48:23,287 [WARN] PackLoader:240 - Cannot read IP mode file for STMicroelectronics.X-CUBE-NFC9.1.0.0
2026-02-22 07:48:23,327 [WARN] PackLoader:240 - Cannot read IP mode file for STMicroelectronics.X-CUBE-BLE1.7.1.0
2026-02-22 07:48:23,379 [WARN] PackLoader:240 - Cannot read IP mode file for STMicroelectronics.X-CUBE-TCPP.4.1.0
2026-02-22 07:48:23,413 [ERROR] Engine:466 - C:\Users\sanch\.stm32cubemx\thirdparties\pdsc\STMicroelectronics.X-CUBE-FREERTOS.1.4.0.pdsc: PDSC version is not supported
2026-02-22 07:48:23,452 [WARN] PackLoader:240 - Cannot read IP mode file for STMicroelectronics.X-CUBE-EEPRMA1.5.2.0
2026-02-22 07:48:23,494 [ERROR] Engine:466 - C:\Users\sanch\.stm32cubemx\thirdparties\pdsc\STMicroelectronics.X-CUBE-ST67W61.1.1.0.pdsc: PDSC version is not supported
2026-02-22 07:48:23,529 [WARN] PackLoader:240 - Cannot read IP mode file for STMicroelectronics.X-CUBE-AI.10.1.0
2026-02-22 07:48:23,674 [WARN] PackLoader:240 - Cannot read IP mode file for STMicroelectronics.X-CUBE-MEMS1.12.0.0
2026-02-22 07:48:24,090 [WARN] PackLoader:240 - Cannot read IP mode file for STMicroelectronics.X-CUBE-ALGOBUILD.1.3.0
2026-02-22 07:48:24,255 [WARN] PackLoader:240 - Cannot read IP mode file for STMicroelectronics.X-CUBE-MEMS1.11.2.0
2026-02-22 07:48:24,774 [WARN] PackLoader:240 - Cannot read IP mode file for STMicroelectronics.X-CUBE-AZRTOS-G0.1.1.0
2026-02-22 07:48:24,825 [WARN] PackLoader:240 - Cannot read IP mode file for STMicroelectronics.X-CUBE-SAFEA1.1.2.2
2026-02-22 07:48:24,871 [WARN] PackLoader:240 - Cannot read IP mode file for STMicroelectronics.X-CUBE-NFC4.3.0.0
2026-02-22 07:48:24,921 [WARN] PackLoader:240 - Cannot read IP mode file for EmbeddedOffice.I-CUBE-FS-RTOS.1.0.1
2026-02-22 07:48:24,921 [ERROR] ConditionMgr:805 - Attr not supported : Dmpu
2026-02-22 07:48:24,922 [ERROR] ConditionMgr:805 - Attr not supported : Dmpu
2026-02-22 07:48:24,922 [ERROR] ConditionMgr:805 - Attr not supported : Dmpu
2026-02-22 07:48:24,922 [ERROR] ConditionMgr:805 - Attr not supported : Dmpu
2026-02-22 07:48:24,922 [ERROR] ConditionMgr:805 - Attr not supported : Dmpu
2026-02-22 07:48:24,922 [ERROR] ConditionMgr:805 - Attr not supported : Dmpu
2026-02-22 07:48:24,922 [ERROR] ConditionMgr:805 - Attr not supported : Dmpu
2026-02-22 07:48:24,922 [ERROR] ConditionMgr:805 - Attr not supported : Dmpu
2026-02-22 07:48:24,922 [ERROR] ConditionMgr:805 - Attr not supported : Dmpu
2026-02-22 07:48:24,922 [ERROR] ConditionMgr:805 - Attr not supported : Dmpu
2026-02-22 07:48:24,922 [ERROR] ConditionMgr:805 - Attr not supported : Dmpu
2026-02-22 07:48:24,922 [ERROR] ConditionMgr:805 - Attr not supported : Dmpu
2026-02-22 07:48:24,923 [ERROR] ConditionMgr:805 - Attr not supported : Dmpu
2026-02-22 07:48:24,924 [ERROR] ConditionMgr:805 - Attr not supported : Dmpu
2026-02-22 07:48:24,924 [ERROR] ConditionMgr:805 - Attr not supported : Dmpu
2026-02-22 07:48:24,924 [ERROR] ConditionMgr:805 - Attr not supported : Dmpu
2026-02-22 07:48:24,925 [ERROR] ConditionMgr:805 - Attr not supported : Dmpu
2026-02-22 07:48:24,925 [ERROR] ConditionMgr:805 - Attr not supported : Dmpu
2026-02-22 07:48:24,925 [ERROR] ConditionMgr:805 - Attr not supported : Dmpu
2026-02-22 07:48:24,925 [ERROR] ConditionMgr:805 - Attr not supported : Dmpu
2026-02-22 07:48:24,925 [ERROR] ConditionMgr:805 - Attr not supported : Dmpu
2026-02-22 07:48:24,925 [ERROR] ConditionMgr:805 - Attr not supported : Dmpu
2026-02-22 07:48:24,925 [ERROR] ConditionMgr:805 - Attr not supported : Dmpu
2026-02-22 07:48:24,925 [ERROR] ConditionMgr:805 - Attr not supported : Dmpu
2026-02-22 07:48:24,925 [ERROR] ConditionMgr:805 - Attr not supported : Dmpu
2026-02-22 07:48:24,926 [ERROR] ConditionMgr:805 - Attr not supported : Dmpu
2026-02-22 07:48:24,926 [ERROR] ConditionMgr:805 - Attr not supported : Dmpu
2026-02-22 07:48:24,926 [ERROR] ConditionMgr:805 - Attr not supported : Dmpu
2026-02-22 07:48:24,926 [ERROR] ConditionMgr:805 - Attr not supported : Dmpu
2026-02-22 07:48:24,926 [ERROR] ConditionMgr:805 - Attr not supported : Dmpu
2026-02-22 07:48:24,926 [ERROR] ConditionMgr:805 - Attr not supported : Dmpu
2026-02-22 07:48:24,926 [ERROR] ConditionMgr:805 - Attr not supported : Dmpu
2026-02-22 07:48:24,926 [ERROR] ConditionMgr:805 - Attr not supported : Dmpu
2026-02-22 07:48:24,926 [ERROR] ConditionMgr:805 - Attr not supported : Dmpu
2026-02-22 07:48:24,926 [ERROR] ConditionMgr:805 - Attr not supported : Dmpu
2026-02-22 07:48:24,926 [ERROR] ConditionMgr:805 - Attr not supported : Dmpu
2026-02-22 07:48:24,926 [ERROR] ConditionMgr:805 - Attr not supported : Dmpu
2026-02-22 07:48:24,927 [ERROR] ConditionMgr:805 - Attr not supported : Dmpu
2026-02-22 07:48:24,927 [ERROR] ConditionMgr:805 - Attr not supported : Dmpu
2026-02-22 07:48:24,927 [ERROR] ConditionMgr:805 - Attr not supported : Dmpu
2026-02-22 07:48:24,927 [ERROR] ConditionMgr:805 - Attr not supported : Dmpu
2026-02-22 07:48:24,927 [ERROR] ConditionMgr:805 - Attr not supported : Dmpu
2026-02-22 07:48:24,927 [ERROR] ConditionMgr:805 - Attr not supported : Dmpu
2026-02-22 07:48:24,927 [ERROR] ConditionMgr:805 - Attr not supported : Dmpu
2026-02-22 07:48:24,928 [ERROR] ConditionMgr:805 - Attr not supported : Dmpu
2026-02-22 07:48:24,928 [ERROR] ConditionMgr:805 - Attr not supported : Dmpu
2026-02-22 07:48:24,928 [ERROR] ConditionMgr:805 - Attr not supported : Dmpu
2026-02-22 07:48:24,928 [ERROR] ConditionMgr:805 - Attr not supported : Dmpu
2026-02-22 07:48:24,928 [ERROR] ConditionMgr:805 - Attr not supported : Dmpu
2026-02-22 07:48:24,928 [ERROR] ConditionMgr:805 - Attr not supported : Dmpu
2026-02-22 07:48:24,929 [ERROR] ConditionMgr:805 - Attr not supported : Dmpu
2026-02-22 07:48:24,929 [ERROR] ConditionMgr:805 - Attr not supported : Dmpu
2026-02-22 07:48:24,929 [ERROR] ConditionMgr:805 - Attr not supported : Dmpu
2026-02-22 07:48:24,929 [ERROR] ConditionMgr:805 - Attr not supported : Dmpu
2026-02-22 07:48:24,929 [ERROR] ConditionMgr:805 - Attr not supported : Dmpu
2026-02-22 07:48:24,929 [ERROR] ConditionMgr:805 - Attr not supported : Dmpu
2026-02-22 07:48:24,929 [ERROR] ConditionMgr:805 - Attr not supported : Dmpu
2026-02-22 07:48:24,929 [ERROR] ConditionMgr:805 - Attr not supported : Dmpu
2026-02-22 07:48:24,929 [ERROR] ConditionMgr:805 - Attr not supported : Dmpu
2026-02-22 07:48:24,930 [ERROR] ConditionMgr:805 - Attr not supported : Dmpu
2026-02-22 07:48:24,930 [ERROR] ConditionMgr:805 - Attr not supported : Dmpu
2026-02-22 07:48:24,930 [ERROR] ConditionMgr:805 - Attr not supported : Dmpu
2026-02-22 07:48:24,932 [ERROR] ConditionMgr:805 - Attr not supported : Dmpu
2026-02-22 07:48:24,932 [ERROR] ConditionMgr:805 - Attr not supported : Dmpu
2026-02-22 07:48:24,974 [WARN] PackLoader:240 - Cannot read IP mode file for STMicroelectronics.X-CUBE-WB05N.2.0.0
2026-02-22 07:48:25,009 [ERROR] Engine:466 - C:\Users\sanch\.stm32cubemx\thirdparties\pdsc\STMicroelectronics.X-CUBE-TCPP.4.2.0.pdsc: PDSC version is not supported
2026-02-22 07:48:25,049 [WARN] PackLoader:240 - Cannot read IP mode file for RealThread.X-CUBE-RT-Thread_Nano.4.1.1
2026-02-22 07:48:25,085 [WARN] PackLoader:240 - Cannot read IP mode file for STMicroelectronics.FP-ATR-SIGFOX1.3.2.0
2026-02-22 07:48:25,134 [WARN] PackLoader:240 - Cannot read IP mode file for STMicroelectronics.X-CUBE-EEPRMA1.5.1.0
2026-02-22 07:48:25,190 [WARN] PackLoader:240 - Cannot read IP mode file for STMicroelectronics.X-CUBE-NFC6.3.2.0
2026-02-22 07:48:25,233 [ERROR] Engine:466 - C:\Users\sanch\.stm32cubemx\thirdparties\pdsc\STMicroelectronics.X-CUBE-ST67W61.1.0.0.pdsc: PDSC version is not supported
2026-02-22 07:48:25,280 [WARN] PackLoader:240 - Cannot read IP mode file for STMicroelectronics.X-CUBE-AI.10.2.0
2026-02-22 07:48:25,456 [WARN] PackLoader:240 - Cannot read IP mode file for SEGGER.I-CUBE-embOS.1.3.1
2026-02-22 07:48:25,628 [WARN] PackLoader:240 - Cannot read IP mode file for STMicroelectronics.X-CUBE-ALGOBUILD.1.4.0
2026-02-22 07:48:25,810 [WARN] PackLoader:240 - Cannot read IP mode file for STMicroelectronics.X-CUBE-MEMS1.11.3.0
2026-02-22 07:48:26,191 [WARN] PackLoader:240 - Cannot read IP mode file for STMicroelectronics.X-CUBE-PM33A1.1.0.0
2026-02-22 07:48:26,235 [WARN] PackLoader:240 - Cannot read IP mode file for STMicroelectronics.X-CUBE-GNSS1.6.0.0
2026-02-22 07:48:26,298 [WARN] PackLoader:240 - Cannot read IP mode file for STMicroelectronics.X-CUBE-AZRTOS-F4.1.1.0
2026-02-22 07:48:26,383 [ERROR] Engine:466 - C:\Users\sanch\.stm32cubemx\thirdparties\pdsc\Avnet-IotConnect.X-CUBE-IoTC-DA16k-PMOD.1.0.0.pdsc: PDSC version is not supported
2026-02-22 07:48:26,426 [WARN] PackLoader:240 - Cannot read IP mode file for STMicroelectronics.X-CUBE-ISPU.2.1.0
2026-02-22 07:48:26,479 [ERROR] Engine:466 - C:\Users\sanch\.stm32cubemx\thirdparties\pdsc\STMicroelectronics.X-CUBE-IPS.3.2.0.pdsc: PDSC version is not supported
2026-02-22 07:48:26,535 [WARN] PackLoader:240 - Cannot read IP mode file for STMicroelectronics.X-CUBE-FREERTOS.1.2.0
2026-02-22 07:48:26,577 [WARN] PackLoader:240 - Cannot read IP mode file for wolfSSL.I-CUBE-wolfSSL.5.6.6
2026-02-22 07:48:26,635 [WARN] PackLoader:240 - Cannot read IP mode file for STMicroelectronics.X-CUBE-NFC12.1.0.0
2026-02-22 07:48:26,839 [WARN] PackLoader:240 - Cannot read IP mode file for STMicroelectronics.X-CUBE-AZRTOS-L5.2.0.0
2026-02-22 07:48:26,884 [WARN] PackLoader:240 - Cannot read IP mode file for STMicroelectronics.X-CUBE-NFC6.3.1.0
2026-02-22 07:48:26,920 [WARN] PackLoader:240 - Cannot read IP mode file for ITTIA_DB.I-CUBE-ITTIADB.8.8.0
2026-02-22 07:48:26,960 [WARN] PackLoader:240 - Cannot read IP mode file for STMicroelectronics.X-CUBE-DPower.1.2.0
2026-02-22 07:48:27,010 [WARN] PackLoader:240 - Cannot read IP mode file for STMicroelectronics.X-CUBE-AI.9.0.0
2026-02-22 07:48:27,051 [WARN] PackLoader:240 - Cannot read IP mode file for STMicroelectronics.X-CUBE-FREERTOS.1.3.1
2026-02-22 07:48:27,084 [WARN] PackLoader:240 - Cannot read IP mode file for STMicroelectronics.X-CUBE-NFC7.1.0.1
2026-02-22 07:48:27,119 [WARN] PackLoader:240 - Cannot read IP mode file for wolfSSL.I-CUBE-wolfTPM.3.2.0
2026-02-22 07:48:27,151 [WARN] PackLoader:240 - Cannot read IP mode file for STMicroelectronics.X-CUBE-TOUCHGFX.4.26.0
2026-02-22 07:48:27,184 [WARN] PackLoader:240 - Cannot read IP mode file for STMicroelectronics.X-CUBE-NFC6.3.0.0
2026-02-22 07:48:27,218 [ERROR] Engine:466 - C:\Users\sanch\.stm32cubemx\thirdparties\pdsc\STMicroelectronics.FP-SNS-STAIOTCFT.1.0.0.pdsc: PDSC version is not supported
2026-02-22 07:48:27,253 [WARN] PackLoader:240 - Cannot read IP mode file for STMicroelectronics.X-CUBE-DPower.1.3.0
2026-02-22 07:48:27,294 [WARN] PackLoader:240 - Cannot read IP mode file for STMicroelectronics.X-CUBE-AI.8.1.0
2026-02-22 07:48:27,368 [WARN] ConditionMgr:438 - getConditionDescription Invalid condition id : LAN8742 Phy interface Condition cause : null
2026-02-22 07:48:27,370 [WARN] PackLoader:240 - Cannot read IP mode file for STMicroelectronics.X-CUBE-AZRTOS-L4.2.0.0
2026-02-22 07:48:27,374 [WARN] ConditionMgr:1039 - genDependencies : Invalid condition id : LAN8742 Phy interface Condition cause : null
2026-02-22 07:48:27,376 [WARN] ConditionMgr:1039 - genDependencies : Invalid condition id : LAN8742 Phy interface Condition cause : null
2026-02-22 07:48:27,377 [WARN] ConditionMgr:1039 - genDependencies : Invalid condition id : LAN8742 Phy interface Condition cause : null
2026-02-22 07:48:27,419 [WARN] PackLoader:240 - Cannot read IP mode file for STMicroelectronics.X-CUBE-SFXS2LP1.4.0.0
2026-02-22 07:48:27,452 [ERROR] Engine:466 - C:\Users\sanch\.stm32cubemx\thirdparties\pdsc\STMicroelectronics.X-CUBE-ST67W61.1.2.0.pdsc: PDSC version is not supported
2026-02-22 07:48:27,566 [WARN] PackLoader:240 - Cannot read IP mode file for STMicroelectronics.X-CUBE-AZRTOS-H7.3.3.0
2026-02-22 07:48:27,643 [ERROR] Engine:466 - C:\Users\sanch\.stm32cubemx\thirdparties\pdsc\STMicroelectronics.X-CUBE-BLEMGR.4.1.0.pdsc: PDSC version is not supported
2026-02-22 07:48:27,775 [WARN] ConditionMgr:438 - getConditionDescription Invalid condition id : UX DEVICE CLASS RTOS Condition cause : null
2026-02-22 07:48:27,775 [WARN] ConditionMgr:438 - getConditionDescription Invalid condition id : UX DEVICE CLASS RTOS Condition cause : null
2026-02-22 07:48:27,781 [WARN] PackLoader:240 - Cannot read IP mode file for STMicroelectronics.X-CUBE-AZRTOS-WB.2.0.0
2026-02-22 07:48:27,785 [WARN] ConditionMgr:1039 - genDependencies : Invalid condition id : UX DEVICE CLASS RTOS Condition cause : null
2026-02-22 07:48:27,786 [WARN] ConditionMgr:1039 - genDependencies : Invalid condition id : UX DEVICE CLASS RTOS Condition cause : null
2026-02-22 07:48:27,788 [WARN] ConditionMgr:1039 - genDependencies : Invalid condition id : UX DEVICE CLASS RTOS Condition cause : null
2026-02-22 07:48:27,789 [WARN] ConditionMgr:1039 - genDependencies : Invalid condition id : UX DEVICE CLASS RTOS Condition cause : null
2026-02-22 07:48:27,789 [WARN] ConditionMgr:1039 - genDependencies : Invalid condition id : UX DEVICE CLASS RTOS Condition cause : null
2026-02-22 07:48:27,853 [WARN] PackLoader:240 - Cannot read IP mode file for STMicroelectronics.X-CUBE-GNSS1.7.0.1
2026-02-22 07:48:27,887 [WARN] PackLoader:240 - Cannot read IP mode file for STMicroelectronics.X-CUBE-TOUCHGFX.4.25.0
2026-02-22 07:48:27,925 [WARN] PackLoader:240 - Cannot read IP mode file for STMicroelectronics.FP-SNS-STBOX1.2.0.0
2026-02-22 07:48:27,979 [WARN] PackLoader:240 - Cannot read IP mode file for STMicroelectronics.X-CUBE-STSE01.2.0.0
2026-02-22 07:48:28,044 [WARN] PackLoader:240 - Cannot read IP mode file for STMicroelectronics.X-CUBE-SUBG2.5.0.0
2026-02-22 07:48:28,153 [WARN] PackLoader:240 - Cannot read IP mode file for STMicroelectronics.X-CUBE-AZRTOS-H7RS.1.1.0
2026-02-22 07:48:28,223 [WARN] PackLoader:240 - Cannot read IP mode file for STMicroelectronics.X-CUBE-AZRTOS-G4.2.0.0
2026-02-22 07:48:28,291 [WARN] PackLoader:240 - Cannot read IP mode file for Infineon.AIROC-Wi-Fi-Bluetooth-STM32.1.5.1
2026-02-22 07:48:28,344 [WARN] PackLoader:240 - Cannot read IP mode file for STMicroelectronics.X-CUBE-NFC7.2.0.0
2026-02-22 07:48:28,387 [WARN] PackLoader:240 - Cannot read IP mode file for STMicroelectronics.FP-SNS-MOTENVWB1.1.3.1
2026-02-22 07:48:28,428 [WARN] PackLoader:240 - Cannot read IP mode file for STMicroelectronics.X-CUBE-ISPU.2.0.0
2026-02-22 07:48:28,487 [ERROR] Engine:466 - C:\Users\sanch\.stm32cubemx\thirdparties\pdsc\STMicroelectronics.X-CUBE-IPS.3.1.0.pdsc: PDSC version is not supported
2026-02-22 07:48:28,524 [WARN] PackLoader:240 - Cannot read IP mode file for STMicroelectronics.X-CUBE-ALS.1.0.2
2026-02-22 07:48:28,653 [WARN] PackLoader:240 - Cannot read IP mode file for STMicroelectronics.X-CUBE-MEMS1.10.0.0
2026-02-22 07:48:28,959 [WARN] PackLoader:240 - Cannot read IP mode file for STMicroelectronics.X-CUBE-FREERTOS.1.1.0
2026-02-22 07:48:29,019 [WARN] PackLoader:240 - Cannot read IP mode file for STMicroelectronics.X-CUBE-TOUCHGFX.4.24.0
2026-02-22 07:48:29,163 [WARN] PackLoader:240 - Cannot read IP mode file for STMicroelectronics.X-CUBE-STSE01.1.0.0
2026-02-22 07:48:29,288 [WARN] PackLoader:240 - Cannot read IP mode file for portGmbH.I-Cube-SoM-uGOAL.1.1.0
2026-02-22 07:48:29,374 [WARN] PackLoader:240 - Cannot read IP mode file for STMicroelectronics.X-CUBE-ALS.1.0.1
2026-02-22 07:48:29,540 [WARN] PackLoader:240 - Cannot read IP mode file for STMicroelectronics.X-CUBE-AZRTOS-H7RS.1.0.0
2026-02-22 07:48:29,621 [WARN] PackLoader:240 - Cannot read IP mode file for STMicroelectronics.FP-ATR-ASTRA1.2.0.0
2026-02-22 07:48:29,740 [WARN] PackLoader:240 - Cannot read IP mode file for STMicroelectronics.X-CUBE-TOF1.3.4.2
2026-02-22 07:48:29,830 [ERROR] Engine:466 - C:\Users\sanch\.stm32cubemx\thirdparties\pdsc\STMicroelectronics.X-CUBE-TOF1.3.4.3.pdsc: PDSC version is not supported
2026-02-22 07:48:29,904 [WARN] PackLoader:240 - Cannot read IP mode file for STMicroelectronics.X-CUBE-TOF1.3.4.1
2026-02-22 07:48:30,083 [WARN] PackLoader:240 - Cannot read IP mode file for STMicroelectronics.X-CUBE-AZRTOS-H7.3.2.0
2026-02-22 07:48:30,149 [WARN] PackLoader:240 - Cannot read IP mode file for wolfSSL.I-CUBE-wolfSSH.1.4.17
2026-02-22 07:48:30,154 [INFO] ThirdParty:978 - Integrity check success = true
2026-02-22 07:48:30,155 [INFO] IntegrityCheckThread:100 - exiting critical section [integrity check]
2026-02-22 07:48:30,155 [INFO] IntegrityCheckThread:103 - End integrity checks thread
2026-02-22 07:48:33,216 [INFO] WebApp:161 - Instantiating new browser for Auth
2026-02-22 07:48:34,305 [INFO] WebApp:779 - Register for checkConnection events
2026-02-22 07:48:34,305 [INFO] WebApp:414 - Apply proxy settings
2026-02-22 07:48:34,306 [INFO] WebApp:499 - Chromium requires no authentication
2026-02-22 07:48:34,313 [INFO] WebApp:442 - Direct internet connection detected
2026-02-22 07:48:34,539 [INFO] WebApp:192 - Starting web application
2026-02-22 07:48:34,539 [INFO] WebApp:544 - Web application path used C:\ST\STM32CubeIDE_1.15.1\STM32CubeIDE\plugins\com.st.stm32cube.common.mx_6.11.1.202404110753\db\plugins\mcufinder\reactClient1\index.html
