2026-02-21 00:01:09,695 [INFO] BlockDiagram:2759 - set Specific Code input for plugin: MEMORYMAP
2026-02-21 00:01:10,041 [INFO] BlockDiagram:2759 - set Specific Code input for plugin: PWR
2026-02-21 00:01:10,041 [INFO] BlockDiagram:2759 - set Specific Code input for plugin: SYS
2026-02-21 00:01:10,041 [INFO] BlockDiagram:2759 - set Specific Code input for plugin: RCC
2026-02-21 00:01:10,041 [INFO] BlockDiagram:2759 - set Specific Code input for plugin: BOOTPATH
2026-02-21 00:01:10,041 [INFO] BlockDiagram:2759 - set Specific Code input for plugin: NVIC
2026-02-21 00:01:10,042 [INFO] BlockDiagram:2759 - set Specific Code input for plugin: GPIO
2026-02-21 00:01:10,043 [INFO] CodeGenerator:807 - code generatio: config db path: C:\ST\STM32CubeIDE_1.15.1\STM32CubeIDE\plugins\com.st.stm32cube.common.mx_6.11.1.202404110753\\db\
2026-02-21 00:01:10,053 [WARN] IP:2120 - pwrPrivilegeSecure not found: check if there is a RefParameter without a condition.
2026-02-21 00:01:10,054 [WARN] IP:2120 - pwrPrivilegeNSecure not found: check if there is a RefParameter without a condition.
2026-02-21 00:01:10,054 [WARN] IP:2120 - PWR_WKUP1 not found: check if there is a RefParameter without a condition.
2026-02-21 00:01:10,055 [WARN] IP:2120 - PWR_WKUP2 not found: check if there is a RefParameter without a condition.
2026-02-21 00:01:10,055 [WARN] IP:2120 - PWR_WKUP3 not found: check if there is a RefParameter without a condition.
2026-02-21 00:01:10,055 [WARN] IP:2120 - PWR_WKUP4 not found: check if there is a RefParameter without a condition.
2026-02-21 00:01:10,055 [WARN] IP:2120 - PWR_WKUP5 not found: check if there is a RefParameter without a condition.
2026-02-21 00:01:10,055 [WARN] IP:2120 - PWR_WKUP6 not found: check if there is a RefParameter without a condition.
2026-02-21 00:01:10,055 [WARN] IP:2120 - PWR_WKUP7 not found: check if there is a RefParameter without a condition.
2026-02-21 00:01:10,055 [WARN] IP:2120 - PWR_WKUP8 not found: check if there is a RefParameter without a condition.
2026-02-21 00:01:10,055 [WARN] IP:2120 - PWR_LPM not found: check if there is a RefParameter without a condition.
2026-02-21 00:01:10,055 [WARN] IP:2120 - PWR_VB not found: check if there is a RefParameter without a condition.
2026-02-21 00:01:10,055 [WARN] IP:2120 - PWR_IO not found: check if there is a RefParameter without a condition.
2026-02-21 00:01:10,055 [WARN] IP:2120 - PWR_SCM not found: check if there is a RefParameter without a condition.
2026-02-21 00:01:10,055 [WARN] IP:2120 - PWR_VUSB not found: check if there is a RefParameter without a condition.
2026-02-21 00:01:10,322 [INFO] CodeEngine:255 - oldGeneratedFile, E:\Sanchit\rtos_learning\rtos_workspace\first_project\led_blink_1_h503rb\MXTmpFiles\license.tmp_save
2026-02-21 00:01:10,927 [INFO] CodeEngine:279 - Generated code: E:\Sanchit\rtos_learning\rtos_workspace\first_project\led_blink_1_h503rb\MXTmpFiles\license.tmp
2026-02-21 00:01:11,326 [INFO] CodeEngine:255 - oldGeneratedFile, E:\Sanchit\rtos_learning\rtos_workspace\first_project\led_blink_1_h503rb\MXTmpFiles\gpio.tmp_save
2026-02-21 00:01:12,035 [INFO] CodeEngine:279 - Generated code: E:\Sanchit\rtos_learning\rtos_workspace\first_project\led_blink_1_h503rb\MXTmpFiles\gpio.tmp
2026-02-21 00:01:12,377 [WARN] IPConfigManager:98 - WARNING: Missing Config File for MEMORYMAP ip!!
2026-02-21 00:01:12,378 [WARN] IP:2120 - DefaultDataRegion not found: check if there is a RefParameter without a condition.
2026-02-21 00:01:12,884 [INFO] CodeEngine:255 - oldGeneratedFile, E:\Sanchit\rtos_learning\rtos_workspace\first_project\led_blink_1_h503rb\MXTmpFiles\cortex.tmp_save
2026-02-21 00:01:13,227 [INFO] CodeEngine:279 - Generated code: E:\Sanchit\rtos_learning\rtos_workspace\first_project\led_blink_1_h503rb\MXTmpFiles\cortex.tmp
2026-02-21 00:01:13,377 [INFO] CodeEngine:255 - oldGeneratedFile, E:\Sanchit\rtos_learning\rtos_workspace\first_project\led_blink_1_h503rb\Core\Src\stm32h5xx_it.c_save
2026-02-21 00:01:13,779 [INFO] CodeEngine:279 - Generated code: E:\Sanchit\rtos_learning\rtos_workspace\first_project\led_blink_1_h503rb\Core\Src\stm32h5xx_it.c
2026-02-21 00:01:13,806 [INFO] CodeEngine:255 - oldGeneratedFile, E:\Sanchit\rtos_learning\rtos_workspace\first_project\led_blink_1_h503rb\Core\Inc\stm32h5xx_it.h_save
2026-02-21 00:01:14,101 [INFO] CodeEngine:279 - Generated code: E:\Sanchit\rtos_learning\rtos_workspace\first_project\led_blink_1_h503rb\Core\Inc\stm32h5xx_it.h
2026-02-21 00:01:14,167 [INFO] CodeEngine:255 - oldGeneratedFile, E:\Sanchit\rtos_learning\rtos_workspace\first_project\led_blink_1_h503rb\Core\Src\stm32h5xx_hal_msp.c_save
2026-02-21 00:01:14,576 [INFO] CodeEngine:279 - Generated code: E:\Sanchit\rtos_learning\rtos_workspace\first_project\led_blink_1_h503rb\Core\Src\stm32h5xx_hal_msp.c
2026-02-21 00:01:14,600 [INFO] CodeEngine:255 - oldGeneratedFile, E:\Sanchit\rtos_learning\rtos_workspace\first_project\led_blink_1_h503rb\MXTmpFiles\system.tmp_save
2026-02-21 00:01:14,817 [INFO] CodeEngine:279 - Generated code: E:\Sanchit\rtos_learning\rtos_workspace\first_project\led_blink_1_h503rb\MXTmpFiles\system.tmp
2026-02-21 00:01:14,855 [INFO] CodeEngine:311 - oldGeneratedFile, E:\Sanchit\rtos_learning\rtos_workspace\first_project\led_blink_1_h503rb\Core\Inc\stm32h5xx_hal_conf.h_save
2026-02-21 00:01:15,077 [INFO] CodeEngine:335 - Generated code: E:\Sanchit\rtos_learning\rtos_workspace\first_project\led_blink_1_h503rb\Core\Inc\stm32h5xx_hal_conf.h
2026-02-21 00:01:15,137 [WARN] IPConfigManager:2982 - Warning: the RefConfig ConfigAttributesSEC is not available in your config.xml file
2026-02-21 00:01:15,266 [INFO] CodeEngine:255 - oldGeneratedFile, E:\Sanchit\rtos_learning\rtos_workspace\first_project\led_blink_1_h503rb\Core\Inc\main.h_save
2026-02-21 00:01:15,610 [INFO] CodeEngine:279 - Generated code: E:\Sanchit\rtos_learning\rtos_workspace\first_project\led_blink_1_h503rb\Core\Inc\main.h
2026-02-21 00:01:15,641 [INFO] CodeEngine:255 - oldGeneratedFile, E:\Sanchit\rtos_learning\rtos_workspace\first_project\led_blink_1_h503rb\Core\Src\main.c_save
2026-02-21 00:01:15,976 [INFO] CodeEngine:279 - Generated code: E:\Sanchit\rtos_learning\rtos_workspace\first_project\led_blink_1_h503rb\Core\Src\main.c
2026-02-21 00:01:16,535 [INFO] ProjectBuilder:3163 - Time for Copy HAL[1] : 276mS.
2026-02-21 00:01:16,547 [INFO] ProjectBuilder:4736 - Project Generator version: 4.3.0-B58
2026-02-21 00:01:16,760 [INFO] ConfigFileManager:1503 - The Die is : DIE474
2026-02-21 00:01:16,800 [INFO] ApiDbMcu:508 - Load IP Config File for FileX
2026-02-21 00:01:16,828 [INFO] ApiDbMcu:508 - Load IP Config File for LevelX
2026-02-21 00:01:16,873 [INFO] ApiDbMcu:508 - Load IP Config File for NetXDuo
2026-02-21 00:01:16,906 [INFO] ApiDbMcu:508 - Load IP Config File for ThreadX
2026-02-21 00:01:16,945 [INFO] ApiDbMcu:508 - Load IP Config File for USBX
